<?xml version="1.0" encoding="UTF-8"?>
<!-- Generated by org.testng.reporters.JUnitReportReporter -->
<testsuite skipped="0" hostname="User-PC" name="hw2.exercise1.Exercise_1SeleniumHQTest" tests="1" failures="0" timestamp="2020-12-17T23:36:19 MSK" time="33.731" errors="0">
  <testcase name="softAssertTests" time="33.731" classname="hw2.exercise1.Exercise_1SeleniumHQTest"/>
</testsuite> <!-- hw2.exercise1.Exercise_1SeleniumHQTest -->
