<?xml version="1.0" encoding="UTF-8"?>
<!-- Generated by org.testng.reporters.JUnitReportReporter -->
<testsuite skipped="0" hostname="User-PC" name="hw1.addAndSubtractOperation.TestAdd" tests="5" failures="0" timestamp="2020-12-09T21:00:41 MSK" time="0.047" errors="0">
  <testcase name="testDataProviderAdd" time="0.016" classname="hw1.addAndSubtractOperation.TestAdd"/>
  <testcase name="testDataProviderAdd" time="0.000" classname="hw1.addAndSubtractOperation.TestAdd"/>
  <testcase name="testDataProviderAdd" time="0.000" classname="hw1.addAndSubtractOperation.TestAdd"/>
  <testcase name="testDataProviderAdd" time="0.016" classname="hw1.addAndSubtractOperation.TestAdd"/>
  <testcase name="testDataProviderAdd" time="0.015" classname="hw1.addAndSubtractOperation.TestAdd"/>
</testsuite> <!-- hw1.addAndSubtractOperation.TestAdd -->
