<?xml version="1.0" encoding="UTF-8"?>
<!-- Generated by org.testng.reporters.JUnitReportReporter -->
<testsuite skipped="0" hostname="User-PC" name="hw2.exercise1.Exercise_1SeleniumHQTest" tests="1" failures="0" timestamp="2020-12-14T15:11:01 MSK" time="31.487" errors="0">
  <testcase name="softAssertTests" time="31.487" classname="hw2.exercise1.Exercise_1SeleniumHQTest"/>
</testsuite> <!-- hw2.exercise1.Exercise_1SeleniumHQTest -->
