<?xml version="1.0" encoding="UTF-8"?>
<!-- Generated by org.testng.reporters.JUnitReportReporter -->
<testsuite skipped="0" hostname="User-PC" name="hw2.exercise2.Exercise_2SeleniumHQTest" tests="1" failures="0" timestamp="2020-12-17T23:36:19 MSK" time="9.170" errors="0">
  <testcase name="softAssertTests" time="9.170" classname="hw2.exercise2.Exercise_2SeleniumHQTest"/>
</testsuite> <!-- hw2.exercise2.Exercise_2SeleniumHQTest -->
