<?xml version="1.0" encoding="UTF-8"?>
<!-- Generated by org.testng.reporters.JUnitReportReporter -->
<testsuite skipped="0" hostname="User-PC" name="hw1.addAndSubtractOperation.TestSubtract" tests="5" failures="0" timestamp="2020-12-09T21:00:41 MSK" time="0.000" errors="0">
  <testcase name="testDataProviderSubtraction" time="0.000" classname="hw1.addAndSubtractOperation.TestSubtract"/>
  <testcase name="testDataProviderSubtraction" time="0.000" classname="hw1.addAndSubtractOperation.TestSubtract"/>
  <testcase name="testDataProviderSubtraction" time="0.000" classname="hw1.addAndSubtractOperation.TestSubtract"/>
  <testcase name="testDataProviderSubtraction" time="0.000" classname="hw1.addAndSubtractOperation.TestSubtract"/>
  <testcase name="testDataProviderSubtraction" time="0.000" classname="hw1.addAndSubtractOperation.TestSubtract"/>
</testsuite> <!-- hw1.addAndSubtractOperation.TestSubtract -->
